<?xml version="1.0" encoding="UTF-8"?>
<!-- Generated by org.testng.reporters.JUnitReportReporter -->
<testsuite hostname="LAPTOP-OL97P8DL" failures="0" tests="4" name="api.test.HTTPRequest" time="5.543" errors="0" timestamp="2023-03-31T15:58:55 BDT" skipped="0">
  <testcase classname="api.test.HTTPRequest" name="getUsers" time="2.990"/>
  <system-out/>
  <testcase classname="api.test.HTTPRequest" name="createUser" time="1.135"/>
  <system-out/>
  <testcase classname="api.test.HTTPRequest" name="updateUser" time="0.686"/>
  <system-out/>
  <testcase classname="api.test.HTTPRequest" name="deleteUser" time="0.732"/>
  <system-out/>
</testsuite> <!-- api.test.HTTPRequest -->
