<?xml version="1.0" encoding="UTF-8"?>
<!-- Generated by org.testng.reporters.JUnitReportReporter -->
<testsuite hostname="LAPTOP-OL97P8DL" failures="0" tests="1" name="api.test.HTTPRequest" time="3.641" errors="0" timestamp="2023-03-30T14:26:01 BDT" skipped="0">
  <testcase classname="api.test.HTTPRequest" name="getUser" time="3.641"/>
  <system-out/>
</testsuite> <!-- api.test.HTTPRequest -->
